2021-03-11 19:15:25,660:root:INFO: Downloading page_https://www.metacritic.com/browse/games/score/metascore/all/all/filtered?page=0...
2021-03-11 19:15:26,700:root:INFO: Downloading page_https://www.metacritic.com/browse/games/score/metascore/all/all/filtered?page=1...
2021-03-11 19:15:27,616:root:INFO: Data Frame successfully created with ['Title', 'Rank']
2021-03-11 19:16:15,576:root:ERROR:It is not possible to scrape more than 182 pages
2021-03-11 19:53:01,717:root:INFO: Downloading page_https://www.metacritic.com/browse/games/score/metascore/all/all/filtered?page=0...
2021-03-11 19:53:03,038:root:INFO: Downloading page_https://www.metacritic.com/browse/games/score/metascore/all/all/filtered?page=1...
2021-03-11 19:53:03,891:root:INFO: Data Frame successfully created with ['Title', 'Rank']
2021-03-27 11:45:50,139:root:INFO: Downloading page_https://www.metacritic.com/browse/games/score/metascore/all/all/filtered?page=0...
2021-03-27 11:45:51,017:root:INFO: Downloading page_https://www.metacritic.com/browse/games/score/metascore/all/all/filtered?page=1...
2021-03-27 11:45:51,710:root:INFO: Downloading page_https://www.metacritic.com/browse/games/score/metascore/all/all/filtered?page=2...
2021-03-27 11:45:52,422:root:INFO: Downloading page_https://www.metacritic.com/browse/games/score/metascore/all/all/filtered?page=3...
2021-03-27 11:45:53,100:root:INFO: Downloading page_https://www.metacritic.com/browse/games/score/metascore/all/all/filtered?page=4...
2021-03-27 11:45:53,831:root:INFO: Downloading page_https://www.metacritic.com/browse/games/score/metascore/all/all/filtered?page=5...
2021-03-27 11:45:54,520:root:INFO: Downloading page_https://www.metacritic.com/browse/games/score/metascore/all/all/filtered?page=6...
2021-03-27 11:45:55,206:root:INFO: Downloading page_https://www.metacritic.com/browse/games/score/metascore/all/all/filtered?page=7...
2021-03-27 11:46:07,486:root:INFO: Downloading page_https://www.metacritic.com/browse/games/score/metascore/all/all/filtered?page=8...
2021-03-27 11:46:19,475:root:INFO: Downloading page_https://www.metacritic.com/browse/games/score/metascore/all/all/filtered?page=9...
2021-03-27 11:46:30,968:root:INFO: Data Frame successfully created with ['Rank', 'Title', 'Date']
2021-03-27 11:46:37,577:root:ERROR: It is not possible to scrape more than 182 pages
2021-03-27 11:48:33,155:root:INFO: Downloading page_https://www.metacritic.com/browse/games/score/metascore/all/all/filtered?page=0...
2021-03-27 11:48:33,997:root:INFO: Downloading page_https://www.metacritic.com/browse/games/score/metascore/all/all/filtered?page=1...
2021-03-27 11:48:34,663:root:INFO: Downloading page_https://www.metacritic.com/browse/games/score/metascore/all/all/filtered?page=2...
2021-03-27 11:48:35,360:root:INFO: Downloading page_https://www.metacritic.com/browse/games/score/metascore/all/all/filtered?page=3...
2021-03-27 11:48:36,018:root:INFO: Downloading page_https://www.metacritic.com/browse/games/score/metascore/all/all/filtered?page=4...
2021-03-27 11:48:36,805:root:INFO: Downloading page_https://www.metacritic.com/browse/games/score/metascore/all/all/filtered?page=5...
2021-03-27 11:48:37,470:root:INFO: Downloading page_https://www.metacritic.com/browse/games/score/metascore/all/all/filtered?page=6...
2021-03-27 11:48:38,181:root:INFO: Downloading page_https://www.metacritic.com/browse/games/score/metascore/all/all/filtered?page=7...
2021-03-27 11:48:38,866:root:INFO: Downloading page_https://www.metacritic.com/browse/games/score/metascore/all/all/filtered?page=8...
2021-03-27 11:48:39,634:root:INFO: Downloading page_https://www.metacritic.com/browse/games/score/metascore/all/all/filtered?page=9...
2021-03-27 11:48:40,387:root:INFO: Data Frame successfully created with ['Rank', 'Title', 'Date']
2021-03-27 11:50:23,748:root:INFO: Downloading page_https://www.metacritic.com/browse/games/score/metascore/all/all/filtered?page=0...
2021-03-27 11:50:24,622:root:INFO: Downloading page_https://www.metacritic.com/browse/games/score/metascore/all/all/filtered?page=1...
2021-03-27 11:50:25,316:root:INFO: Downloading page_https://www.metacritic.com/browse/games/score/metascore/all/all/filtered?page=2...
2021-03-27 11:50:25,975:root:INFO: Downloading page_https://www.metacritic.com/browse/games/score/metascore/all/all/filtered?page=3...
2021-03-27 11:50:26,622:root:INFO: Downloading page_https://www.metacritic.com/browse/games/score/metascore/all/all/filtered?page=4...
2021-03-27 11:50:27,330:root:INFO: Downloading page_https://www.metacritic.com/browse/games/score/metascore/all/all/filtered?page=5...
2021-03-27 11:50:28,003:root:INFO: Downloading page_https://www.metacritic.com/browse/games/score/metascore/all/all/filtered?page=6...
2021-03-27 11:50:28,692:root:INFO: Downloading page_https://www.metacritic.com/browse/games/score/metascore/all/all/filtered?page=7...
2021-03-27 11:50:29,343:root:INFO: Downloading page_https://www.metacritic.com/browse/games/score/metascore/all/all/filtered?page=8...
2021-03-27 11:50:30,014:root:INFO: Downloading page_https://www.metacritic.com/browse/games/score/metascore/all/all/filtered?page=9...
2021-03-27 11:50:30,741:root:INFO: Data Frame successfully created with ['Rank', 'Title', 'Date']
2021-03-27 11:52:03,978:root:INFO: Downloading page_https://www.metacritic.com/browse/games/score/metascore/all/all/filtered?page=0...
2021-03-27 11:52:04,818:root:INFO: Downloading page_https://www.metacritic.com/browse/games/score/metascore/all/all/filtered?page=1...
2021-03-27 11:52:05,509:root:INFO: Downloading page_https://www.metacritic.com/browse/games/score/metascore/all/all/filtered?page=2...
2021-03-27 11:52:10,797:root:INFO: Downloading page_https://www.metacritic.com/browse/games/score/metascore/all/all/filtered?page=3...
2021-03-27 11:52:11,474:root:INFO: Downloading page_https://www.metacritic.com/browse/games/score/metascore/all/all/filtered?page=4...
2021-03-27 11:52:12,173:root:INFO: Downloading page_https://www.metacritic.com/browse/games/score/metascore/all/all/filtered?page=5...
2021-03-27 11:52:12,842:root:INFO: Downloading page_https://www.metacritic.com/browse/games/score/metascore/all/all/filtered?page=6...
2021-03-27 11:52:13,560:root:INFO: Downloading page_https://www.metacritic.com/browse/games/score/metascore/all/all/filtered?page=7...
2021-03-27 11:52:14,223:root:INFO: Downloading page_https://www.metacritic.com/browse/games/score/metascore/all/all/filtered?page=8...
2021-03-27 11:52:14,878:root:INFO: Downloading page_https://www.metacritic.com/browse/games/score/metascore/all/all/filtered?page=9...
2021-03-27 11:52:15,565:root:INFO: Data Frame successfully created with ['Rank', 'Title', 'Date']
2021-03-27 11:52:18,559:root:ERROR: It is not possible to scrape more than 182 pages
2021-03-27 11:53:49,609:root:INFO: Downloading page_https://www.metacritic.com/browse/games/score/metascore/all/all/filtered?page=0...
2021-03-27 11:53:50,468:root:INFO: Downloading page_https://www.metacritic.com/browse/games/score/metascore/all/all/filtered?page=1...
2021-03-27 11:53:51,179:root:INFO: Downloading page_https://www.metacritic.com/browse/games/score/metascore/all/all/filtered?page=2...
2021-03-27 11:53:51,841:root:INFO: Downloading page_https://www.metacritic.com/browse/games/score/metascore/all/all/filtered?page=3...
2021-03-27 11:53:52,504:root:INFO: Downloading page_https://www.metacritic.com/browse/games/score/metascore/all/all/filtered?page=4...
2021-03-27 11:53:53,216:root:INFO: Downloading page_https://www.metacritic.com/browse/games/score/metascore/all/all/filtered?page=5...
2021-03-27 11:53:53,860:root:INFO: Downloading page_https://www.metacritic.com/browse/games/score/metascore/all/all/filtered?page=6...
2021-03-27 11:53:54,558:root:INFO: Downloading page_https://www.metacritic.com/browse/games/score/metascore/all/all/filtered?page=7...
2021-03-27 11:53:55,243:root:INFO: Downloading page_https://www.metacritic.com/browse/games/score/metascore/all/all/filtered?page=8...
2021-03-27 11:53:55,904:root:INFO: Downloading page_https://www.metacritic.com/browse/games/score/metascore/all/all/filtered?page=9...
2021-03-27 11:53:56,593:root:INFO: Data Frame successfully created with ['Rank', 'Title', 'Date']
2021-03-27 11:53:59,191:root:ERROR: It is not possible to scrape more than 182 pages
2021-03-27 11:54:15,408:root:INFO: Downloading page_https://www.metacritic.com/browse/games/score/metascore/all/all/filtered?page=0...
2021-03-27 11:54:16,087:root:INFO: Downloading page_https://www.metacritic.com/browse/games/score/metascore/all/all/filtered?page=1...
2021-03-27 11:54:16,805:root:INFO: Downloading page_https://www.metacritic.com/browse/games/score/metascore/all/all/filtered?page=2...
2021-03-27 11:54:17,443:root:INFO: Downloading page_https://www.metacritic.com/browse/games/score/metascore/all/all/filtered?page=3...
2021-03-27 11:54:18,091:root:INFO: Downloading page_https://www.metacritic.com/browse/games/score/metascore/all/all/filtered?page=4...
2021-03-27 11:54:18,809:root:INFO: Downloading page_https://www.metacritic.com/browse/games/score/metascore/all/all/filtered?page=5...
2021-03-27 11:54:19,475:root:INFO: Downloading page_https://www.metacritic.com/browse/games/score/metascore/all/all/filtered?page=6...
2021-03-27 11:54:20,173:root:INFO: Downloading page_https://www.metacritic.com/browse/games/score/metascore/all/all/filtered?page=7...
2021-03-27 11:54:20,828:root:INFO: Downloading page_https://www.metacritic.com/browse/games/score/metascore/all/all/filtered?page=8...
2021-03-27 11:54:21,484:root:INFO: Downloading page_https://www.metacritic.com/browse/games/score/metascore/all/all/filtered?page=9...
2021-03-27 11:54:22,157:root:INFO: Data Frame successfully created with ['Rank', 'Title', 'Date']
2021-03-27 11:57:12,607:root:INFO: Downloading page_https://www.metacritic.com/browse/games/score/metascore/all/all/filtered?page=0...
2021-03-27 11:57:13,484:root:INFO: Downloading page_https://www.metacritic.com/browse/games/score/metascore/all/all/filtered?page=1...
2021-03-27 11:57:14,243:root:INFO: Downloading page_https://www.metacritic.com/browse/games/score/metascore/all/all/filtered?page=2...
2021-03-27 11:57:14,910:root:INFO: Downloading page_https://www.metacritic.com/browse/games/score/metascore/all/all/filtered?page=3...
2021-03-27 11:57:15,583:root:INFO: Downloading page_https://www.metacritic.com/browse/games/score/metascore/all/all/filtered?page=4...
2021-03-27 11:57:16,308:root:INFO: Downloading page_https://www.metacritic.com/browse/games/score/metascore/all/all/filtered?page=5...
2021-03-27 11:57:17,001:root:INFO: Downloading page_https://www.metacritic.com/browse/games/score/metascore/all/all/filtered?page=6...
2021-03-27 11:57:17,723:root:INFO: Downloading page_https://www.metacritic.com/browse/games/score/metascore/all/all/filtered?page=7...
2021-03-27 11:57:18,377:root:INFO: Downloading page_https://www.metacritic.com/browse/games/score/metascore/all/all/filtered?page=8...
2021-03-27 11:57:19,029:root:INFO: Downloading page_https://www.metacritic.com/browse/games/score/metascore/all/all/filtered?page=9...
2021-03-27 11:57:19,720:root:INFO: Data Frame successfully created with ['Rank', 'Title', 'Date']
2021-03-27 11:58:14,444:root:INFO: Downloading page_https://www.metacritic.com/browse/games/score/metascore/all/all/filtered?page=0...
2021-03-27 11:58:15,295:root:INFO: Downloading page_https://www.metacritic.com/browse/games/score/metascore/all/all/filtered?page=1...
2021-03-27 11:58:16,004:root:INFO: Downloading page_https://www.metacritic.com/browse/games/score/metascore/all/all/filtered?page=2...
2021-03-27 11:58:16,692:root:INFO: Downloading page_https://www.metacritic.com/browse/games/score/metascore/all/all/filtered?page=3...
2021-03-27 11:58:17,347:root:INFO: Downloading page_https://www.metacritic.com/browse/games/score/metascore/all/all/filtered?page=4...
2021-03-27 11:58:18,077:root:INFO: Downloading page_https://www.metacritic.com/browse/games/score/metascore/all/all/filtered?page=5...
2021-03-27 11:58:18,732:root:INFO: Downloading page_https://www.metacritic.com/browse/games/score/metascore/all/all/filtered?page=6...
2021-03-27 11:58:19,443:root:INFO: Downloading page_https://www.metacritic.com/browse/games/score/metascore/all/all/filtered?page=7...
2021-03-27 11:58:20,143:root:INFO: Downloading page_https://www.metacritic.com/browse/games/score/metascore/all/all/filtered?page=8...
2021-03-27 11:58:20,801:root:INFO: Downloading page_https://www.metacritic.com/browse/games/score/metascore/all/all/filtered?page=9...
2021-03-27 11:58:21,584:root:INFO: Data Frame successfully created with ['Rank', 'Title', 'Date', 'Platform']
2021-03-27 12:01:06,082:root:INFO: Downloading page_https://www.metacritic.com/browse/games/score/metascore/all/all/filtered?page=0...
2021-03-27 12:01:06,932:root:INFO: Downloading page_https://www.metacritic.com/browse/games/score/metascore/all/all/filtered?page=1...
2021-03-27 12:01:07,657:root:INFO: Downloading page_https://www.metacritic.com/browse/games/score/metascore/all/all/filtered?page=2...
2021-03-27 12:01:08,323:root:INFO: Downloading page_https://www.metacritic.com/browse/games/score/metascore/all/all/filtered?page=3...
2021-03-27 12:01:09,006:root:INFO: Downloading page_https://www.metacritic.com/browse/games/score/metascore/all/all/filtered?page=4...
2021-03-27 12:01:09,704:root:INFO: Downloading page_https://www.metacritic.com/browse/games/score/metascore/all/all/filtered?page=5...
2021-03-27 12:01:10,376:root:INFO: Downloading page_https://www.metacritic.com/browse/games/score/metascore/all/all/filtered?page=6...
2021-03-27 12:01:11,069:root:INFO: Downloading page_https://www.metacritic.com/browse/games/score/metascore/all/all/filtered?page=7...
2021-03-27 12:01:11,736:root:INFO: Downloading page_https://www.metacritic.com/browse/games/score/metascore/all/all/filtered?page=8...
2021-03-27 12:01:12,410:root:INFO: Downloading page_https://www.metacritic.com/browse/games/score/metascore/all/all/filtered?page=9...
2021-03-27 12:01:13,143:root:INFO: Data Frame successfully created with ['Rank', 'Title', 'Date', 'Platform']
2021-03-27 12:01:23,405:root:INFO: Downloading page_https://www.metacritic.com/browse/games/score/metascore/all/all/filtered?page=0...
2021-03-27 12:01:24,092:root:INFO: Downloading page_https://www.metacritic.com/browse/games/score/metascore/all/all/filtered?page=1...
2021-03-27 12:01:24,803:root:INFO: Downloading page_https://www.metacritic.com/browse/games/score/metascore/all/all/filtered?page=2...
2021-03-27 12:01:25,489:root:INFO: Downloading page_https://www.metacritic.com/browse/games/score/metascore/all/all/filtered?page=3...
2021-03-27 12:01:26,185:root:INFO: Downloading page_https://www.metacritic.com/browse/games/score/metascore/all/all/filtered?page=4...
2021-03-27 12:01:26,981:root:INFO: Downloading page_https://www.metacritic.com/browse/games/score/metascore/all/all/filtered?page=5...
2021-03-27 12:01:27,654:root:INFO: Downloading page_https://www.metacritic.com/browse/games/score/metascore/all/all/filtered?page=6...
2021-03-27 12:01:28,378:root:INFO: Downloading page_https://www.metacritic.com/browse/games/score/metascore/all/all/filtered?page=7...
2021-03-27 12:01:29,047:root:INFO: Downloading page_https://www.metacritic.com/browse/games/score/metascore/all/all/filtered?page=8...
2021-03-27 12:01:29,728:root:INFO: Downloading page_https://www.metacritic.com/browse/games/score/metascore/all/all/filtered?page=9...
2021-03-27 12:01:30,478:root:INFO: Data Frame successfully created with ['Rank', 'Title', 'Date', 'Platform', 'Link']
2021-03-27 12:06:39,873:root:INFO: Downloading page_https://www.metacritic.com/browse/games/score/metascore/all/all/filtered?page=0...
2021-03-27 12:06:40,746:root:INFO: Downloading page_https://www.metacritic.com/browse/games/score/metascore/all/all/filtered?page=1...
2021-03-27 12:06:41,450:root:INFO: Downloading page_https://www.metacritic.com/browse/games/score/metascore/all/all/filtered?page=2...
2021-03-27 12:06:42,132:root:INFO: Downloading page_https://www.metacritic.com/browse/games/score/metascore/all/all/filtered?page=3...
2021-03-27 12:06:42,805:root:INFO: Downloading page_https://www.metacritic.com/browse/games/score/metascore/all/all/filtered?page=4...
2021-03-27 12:06:43,500:root:INFO: Downloading page_https://www.metacritic.com/browse/games/score/metascore/all/all/filtered?page=5...
2021-03-27 12:06:44,187:root:INFO: Downloading page_https://www.metacritic.com/browse/games/score/metascore/all/all/filtered?page=6...
2021-03-27 12:06:45,584:root:INFO: Downloading page_https://www.metacritic.com/browse/games/score/metascore/all/all/filtered?page=7...
2021-03-27 12:06:46,246:root:INFO: Downloading page_https://www.metacritic.com/browse/games/score/metascore/all/all/filtered?page=8...
2021-03-27 12:06:47,035:root:INFO: Downloading page_https://www.metacritic.com/browse/games/score/metascore/all/all/filtered?page=9...
2021-03-27 12:06:47,748:root:INFO: Data Frame successfully created with ['Rank', 'Title', 'Date', 'Platform', 'Link']
2021-03-27 12:08:15,529:root:INFO: Downloading page_https://www.metacritic.com/browse/games/score/metascore/all/all/filtered?page=0...
2021-03-27 12:08:16,443:root:INFO: Downloading page_https://www.metacritic.com/browse/games/score/metascore/all/all/filtered?page=1...
2021-03-27 12:08:17,163:root:INFO: Downloading page_https://www.metacritic.com/browse/games/score/metascore/all/all/filtered?page=2...
2021-03-27 12:08:17,844:root:INFO: Downloading page_https://www.metacritic.com/browse/games/score/metascore/all/all/filtered?page=3...
2021-03-27 12:08:18,514:root:INFO: Downloading page_https://www.metacritic.com/browse/games/score/metascore/all/all/filtered?page=4...
2021-03-27 12:08:19,255:root:INFO: Downloading page_https://www.metacritic.com/browse/games/score/metascore/all/all/filtered?page=5...
2021-03-27 12:08:19,930:root:INFO: Downloading page_https://www.metacritic.com/browse/games/score/metascore/all/all/filtered?page=6...
2021-03-27 12:08:20,642:root:INFO: Downloading page_https://www.metacritic.com/browse/games/score/metascore/all/all/filtered?page=7...
2021-03-27 12:08:21,278:root:INFO: Downloading page_https://www.metacritic.com/browse/games/score/metascore/all/all/filtered?page=8...
2021-03-27 12:08:21,940:root:INFO: Downloading page_https://www.metacritic.com/browse/games/score/metascore/all/all/filtered?page=9...
2021-03-27 12:08:22,635:root:INFO: Data Frame successfully created with ['Rank', 'Title', 'Date', 'Platform', 'Link']
2021-03-27 12:08:25,876:root:ERROR: It is not possible to scrape more than 182 pages
2021-03-27 12:08:34,399:root:INFO: Downloading page_https://www.metacritic.com/browse/games/score/metascore/all/all/filtered?page=0...
2021-03-27 12:08:35,132:root:INFO: Downloading page_https://www.metacritic.com/browse/games/score/metascore/all/all/filtered?page=1...
2021-03-27 12:08:35,818:root:INFO: Downloading page_https://www.metacritic.com/browse/games/score/metascore/all/all/filtered?page=2...
2021-03-27 12:08:36,510:root:INFO: Downloading page_https://www.metacritic.com/browse/games/score/metascore/all/all/filtered?page=3...
2021-03-27 12:08:37,274:root:INFO: Downloading page_https://www.metacritic.com/browse/games/score/metascore/all/all/filtered?page=4...
2021-03-27 12:08:37,995:root:INFO: Downloading page_https://www.metacritic.com/browse/games/score/metascore/all/all/filtered?page=5...
2021-03-27 12:08:38,688:root:INFO: Downloading page_https://www.metacritic.com/browse/games/score/metascore/all/all/filtered?page=6...
2021-03-27 12:08:39,389:root:INFO: Downloading page_https://www.metacritic.com/browse/games/score/metascore/all/all/filtered?page=7...
2021-03-27 12:08:40,045:root:INFO: Downloading page_https://www.metacritic.com/browse/games/score/metascore/all/all/filtered?page=8...
2021-03-27 12:08:40,724:root:INFO: Downloading page_https://www.metacritic.com/browse/games/score/metascore/all/all/filtered?page=9...
2021-03-27 12:08:41,428:root:INFO: Data Frame successfully created with ['Rank', 'Title', 'Date', 'Platform', 'Link']
2021-03-27 12:08:43,852:root:ERROR: It is not possible to scrape more than 182 pages
2021-03-27 12:08:52,052:root:INFO: Downloading page_https://www.metacritic.com/browse/games/score/metascore/all/all/filtered?page=0...
2021-03-27 12:08:52,827:root:INFO: Downloading page_https://www.metacritic.com/browse/games/score/metascore/all/all/filtered?page=1...
2021-03-27 12:08:53,542:root:INFO: Downloading page_https://www.metacritic.com/browse/games/score/metascore/all/all/filtered?page=2...
2021-03-27 12:08:54,241:root:INFO: Downloading page_https://www.metacritic.com/browse/games/score/metascore/all/all/filtered?page=3...
2021-03-27 12:08:54,960:root:INFO: Downloading page_https://www.metacritic.com/browse/games/score/metascore/all/all/filtered?page=4...
2021-03-27 12:08:55,682:root:INFO: Downloading page_https://www.metacritic.com/browse/games/score/metascore/all/all/filtered?page=5...
2021-03-27 12:08:56,365:root:INFO: Downloading page_https://www.metacritic.com/browse/games/score/metascore/all/all/filtered?page=6...
2021-03-27 12:08:57,105:root:INFO: Downloading page_https://www.metacritic.com/browse/games/score/metascore/all/all/filtered?page=7...
2021-03-27 12:08:57,795:root:INFO: Downloading page_https://www.metacritic.com/browse/games/score/metascore/all/all/filtered?page=8...
2021-03-27 12:08:58,444:root:INFO: Downloading page_https://www.metacritic.com/browse/games/score/metascore/all/all/filtered?page=9...
2021-03-27 12:08:59,174:root:INFO: Data Frame successfully created with ['Rank', 'Title', 'Date', 'Platform', 'Link']
2021-03-27 12:09:22,259:root:INFO: Downloading page_https://www.metacritic.com/browse/games/score/metascore/all/all/filtered?page=0...
2021-03-27 12:09:22,980:root:INFO: Downloading page_https://www.metacritic.com/browse/games/score/metascore/all/all/filtered?page=1...
2021-03-27 12:09:23,706:root:INFO: Downloading page_https://www.metacritic.com/browse/games/score/metascore/all/all/filtered?page=2...
2021-03-27 12:09:24,498:root:INFO: Downloading page_https://www.metacritic.com/browse/games/score/metascore/all/all/filtered?page=3...
2021-03-27 12:09:25,269:root:INFO: Downloading page_https://www.metacritic.com/browse/games/score/metascore/all/all/filtered?page=4...
2021-03-27 12:09:26,016:root:INFO: Downloading page_https://www.metacritic.com/browse/games/score/metascore/all/all/filtered?page=5...
2021-03-27 12:09:26,722:root:INFO: Downloading page_https://www.metacritic.com/browse/games/score/metascore/all/all/filtered?page=6...
2021-03-27 12:09:27,471:root:INFO: Downloading page_https://www.metacritic.com/browse/games/score/metascore/all/all/filtered?page=7...
2021-03-27 12:09:28,157:root:INFO: Downloading page_https://www.metacritic.com/browse/games/score/metascore/all/all/filtered?page=8...
2021-03-27 12:09:28,824:root:INFO: Downloading page_https://www.metacritic.com/browse/games/score/metascore/all/all/filtered?page=9...
2021-03-27 12:09:29,549:root:INFO: Data Frame successfully created with ['Rank', 'Title', 'Date', 'Platform', 'Link', 'User_Score']
2021-03-27 12:10:52,718:root:INFO: Downloading page_https://www.metacritic.com/browse/games/score/metascore/all/all/filtered?page=0...
2021-03-27 12:10:53,603:root:INFO: Downloading page_https://www.metacritic.com/browse/games/score/metascore/all/all/filtered?page=1...
2021-03-27 12:10:54,312:root:INFO: Downloading page_https://www.metacritic.com/browse/games/score/metascore/all/all/filtered?page=2...
2021-03-27 12:10:55,011:root:INFO: Downloading page_https://www.metacritic.com/browse/games/score/metascore/all/all/filtered?page=3...
2021-03-27 12:10:55,718:root:INFO: Downloading page_https://www.metacritic.com/browse/games/score/metascore/all/all/filtered?page=4...
2021-03-27 12:10:56,445:root:INFO: Downloading page_https://www.metacritic.com/browse/games/score/metascore/all/all/filtered?page=5...
2021-03-27 12:10:57,201:root:INFO: Downloading page_https://www.metacritic.com/browse/games/score/metascore/all/all/filtered?page=6...
2021-03-27 12:10:57,924:root:INFO: Downloading page_https://www.metacritic.com/browse/games/score/metascore/all/all/filtered?page=7...
2021-03-27 12:10:58,602:root:INFO: Downloading page_https://www.metacritic.com/browse/games/score/metascore/all/all/filtered?page=8...
2021-03-27 12:10:59,290:root:INFO: Downloading page_https://www.metacritic.com/browse/games/score/metascore/all/all/filtered?page=9...
2021-03-27 12:11:00,026:root:INFO: Data Frame successfully created with ['Rank', 'Title', 'Date', 'Platform', 'Link', 'User_Score']
2021-03-27 12:11:03,156:root:ERROR: It is not possible to scrape more than 182 pages
2021-03-27 12:11:10,104:root:INFO: Downloading page_https://www.metacritic.com/browse/games/score/metascore/all/all/filtered?page=0...
2021-03-27 12:11:10,921:root:INFO: Downloading page_https://www.metacritic.com/browse/games/score/metascore/all/all/filtered?page=1...
2021-03-27 12:11:11,624:root:INFO: Downloading page_https://www.metacritic.com/browse/games/score/metascore/all/all/filtered?page=2...
2021-03-27 12:11:12,311:root:INFO: Downloading page_https://www.metacritic.com/browse/games/score/metascore/all/all/filtered?page=3...
2021-03-27 12:11:13,047:root:INFO: Downloading page_https://www.metacritic.com/browse/games/score/metascore/all/all/filtered?page=4...
2021-03-27 12:11:13,774:root:INFO: Downloading page_https://www.metacritic.com/browse/games/score/metascore/all/all/filtered?page=5...
2021-03-27 12:11:14,458:root:INFO: Downloading page_https://www.metacritic.com/browse/games/score/metascore/all/all/filtered?page=6...
2021-03-27 12:11:15,372:root:INFO: Downloading page_https://www.metacritic.com/browse/games/score/metascore/all/all/filtered?page=7...
2021-03-27 12:11:16,064:root:INFO: Downloading page_https://www.metacritic.com/browse/games/score/metascore/all/all/filtered?page=8...
2021-03-27 12:11:16,764:root:INFO: Downloading page_https://www.metacritic.com/browse/games/score/metascore/all/all/filtered?page=9...
2021-03-27 12:11:17,488:root:INFO: Data Frame successfully created with ['Rank', 'Title', 'Date', 'Platform', 'Link', 'User_Score']
2021-03-27 12:13:30,533:root:INFO: Downloading page_https://www.metacritic.com/browse/games/score/metascore/all/all/filtered?page=0...
2021-03-27 12:13:31,432:root:INFO: Downloading page_https://www.metacritic.com/browse/games/score/metascore/all/all/filtered?page=1...
2021-03-27 12:13:32,189:root:INFO: Downloading page_https://www.metacritic.com/browse/games/score/metascore/all/all/filtered?page=2...
2021-03-27 12:13:32,894:root:INFO: Downloading page_https://www.metacritic.com/browse/games/score/metascore/all/all/filtered?page=3...
2021-03-27 12:13:33,600:root:INFO: Downloading page_https://www.metacritic.com/browse/games/score/metascore/all/all/filtered?page=4...
2021-03-27 12:13:34,407:root:INFO: Downloading page_https://www.metacritic.com/browse/games/score/metascore/all/all/filtered?page=5...
2021-03-27 12:13:35,111:root:INFO: Downloading page_https://www.metacritic.com/browse/games/score/metascore/all/all/filtered?page=6...
2021-03-27 12:13:35,818:root:INFO: Downloading page_https://www.metacritic.com/browse/games/score/metascore/all/all/filtered?page=7...
2021-03-27 12:13:36,487:root:INFO: Downloading page_https://www.metacritic.com/browse/games/score/metascore/all/all/filtered?page=8...
2021-03-27 12:13:37,255:root:INFO: Downloading page_https://www.metacritic.com/browse/games/score/metascore/all/all/filtered?page=9...
2021-03-27 12:13:37,987:root:INFO: Data Frame successfully created with ['Rank', 'Title', 'Date', 'Platform', 'Link', 'User_Score']
2021-03-27 12:13:40,482:root:ERROR: It is not possible to scrape more than 182 pages
2021-03-27 12:31:44,130:root:INFO: Downloading page_https://www.metacritic.com/browse/games/score/metascore/all/all/filtered?page=0...
2021-03-27 12:31:45,098:root:INFO: Downloading page_https://www.metacritic.com/browse/games/score/metascore/all/all/filtered?page=1...
2021-03-27 12:31:45,830:root:INFO: Downloading page_https://www.metacritic.com/browse/games/score/metascore/all/all/filtered?page=2...
2021-03-27 12:31:47,270:root:INFO: Downloading page_https://www.metacritic.com/browse/games/score/metascore/all/all/filtered?page=3...
2021-03-27 12:31:47,973:root:INFO: Downloading page_https://www.metacritic.com/browse/games/score/metascore/all/all/filtered?page=4...
2021-03-27 12:31:48,732:root:INFO: Downloading page_https://www.metacritic.com/browse/games/score/metascore/all/all/filtered?page=5...
2021-03-27 12:31:49,412:root:INFO: Downloading page_https://www.metacritic.com/browse/games/score/metascore/all/all/filtered?page=6...
2021-03-27 12:31:50,130:root:INFO: Downloading page_https://www.metacritic.com/browse/games/score/metascore/all/all/filtered?page=7...
2021-03-27 12:31:50,830:root:INFO: Downloading page_https://www.metacritic.com/browse/games/score/metascore/all/all/filtered?page=8...
2021-03-27 12:31:51,560:root:INFO: Downloading page_https://www.metacritic.com/browse/games/score/metascore/all/all/filtered?page=9...
2021-03-27 12:31:52,281:root:INFO: Downloading page_https://www.metacritic.com/browse/games/score/metascore/all/all/filtered?page=10...
2021-03-27 12:32:05,598:root:INFO: Downloading page_https://www.metacritic.com/browse/games/score/metascore/all/all/filtered?page=11...
2021-03-27 12:32:06,291:root:INFO: Downloading page_https://www.metacritic.com/browse/games/score/metascore/all/all/filtered?page=12...
2021-03-27 12:32:07,023:root:INFO: Downloading page_https://www.metacritic.com/browse/games/score/metascore/all/all/filtered?page=13...
2021-03-27 12:32:07,785:root:INFO: Downloading page_https://www.metacritic.com/browse/games/score/metascore/all/all/filtered?page=14...
2021-03-27 12:32:08,510:root:INFO: Downloading page_https://www.metacritic.com/browse/games/score/metascore/all/all/filtered?page=15...
2021-03-27 12:32:20,509:root:INFO: Downloading page_https://www.metacritic.com/browse/games/score/metascore/all/all/filtered?page=16...
2021-03-27 12:32:33,566:root:INFO: Downloading page_https://www.metacritic.com/browse/games/score/metascore/all/all/filtered?page=17...
2021-03-27 12:32:45,554:root:INFO: Downloading page_https://www.metacritic.com/browse/games/score/metascore/all/all/filtered?page=18...
2021-03-27 12:32:58,127:root:INFO: Downloading page_https://www.metacritic.com/browse/games/score/metascore/all/all/filtered?page=19...
2021-03-27 12:33:12,397:root:INFO: Downloading page_https://www.metacritic.com/browse/games/score/metascore/all/all/filtered?page=20...
2021-03-27 12:33:24,804:root:INFO: Downloading page_https://www.metacritic.com/browse/games/score/metascore/all/all/filtered?page=21...
2021-03-27 12:33:36,637:root:INFO: Downloading page_https://www.metacritic.com/browse/games/score/metascore/all/all/filtered?page=22...
2021-03-27 12:33:47,552:root:INFO: Downloading page_https://www.metacritic.com/browse/games/score/metascore/all/all/filtered?page=23...
2021-03-27 12:33:59,867:root:INFO: Downloading page_https://www.metacritic.com/browse/games/score/metascore/all/all/filtered?page=24...
2021-03-27 12:34:13,662:root:INFO: Downloading page_https://www.metacritic.com/browse/games/score/metascore/all/all/filtered?page=25...
2021-03-27 12:34:25,370:root:INFO: Downloading page_https://www.metacritic.com/browse/games/score/metascore/all/all/filtered?page=26...
2021-03-27 12:34:36,578:root:INFO: Downloading page_https://www.metacritic.com/browse/games/score/metascore/all/all/filtered?page=27...
2021-03-27 12:34:47,595:root:INFO: Downloading page_https://www.metacritic.com/browse/games/score/metascore/all/all/filtered?page=28...
2021-03-27 12:34:59,880:root:INFO: Downloading page_https://www.metacritic.com/browse/games/score/metascore/all/all/filtered?page=29...
2021-03-27 12:35:14,246:root:INFO: Downloading page_https://www.metacritic.com/browse/games/score/metascore/all/all/filtered?page=30...
2021-03-27 12:35:27,462:root:INFO: Downloading page_https://www.metacritic.com/browse/games/score/metascore/all/all/filtered?page=31...
2021-03-27 12:35:39,576:root:INFO: Downloading page_https://www.metacritic.com/browse/games/score/metascore/all/all/filtered?page=32...
2021-03-27 12:35:51,308:root:INFO: Downloading page_https://www.metacritic.com/browse/games/score/metascore/all/all/filtered?page=33...
2021-03-27 12:36:04,967:root:INFO: Downloading page_https://www.metacritic.com/browse/games/score/metascore/all/all/filtered?page=34...
2021-03-27 12:36:18,434:root:INFO: Downloading page_https://www.metacritic.com/browse/games/score/metascore/all/all/filtered?page=35...
2021-03-27 12:36:32,264:root:INFO: Downloading page_https://www.metacritic.com/browse/games/score/metascore/all/all/filtered?page=36...
2021-03-27 12:36:47,634:root:INFO: Downloading page_https://www.metacritic.com/browse/games/score/metascore/all/all/filtered?page=37...
2021-03-27 12:37:01,187:root:INFO: Downloading page_https://www.metacritic.com/browse/games/score/metascore/all/all/filtered?page=38...
2021-03-27 12:37:13,706:root:INFO: Downloading page_https://www.metacritic.com/browse/games/score/metascore/all/all/filtered?page=39...
2021-03-27 12:37:18,904:root:INFO: Downloading page_https://www.metacritic.com/browse/games/score/metascore/all/all/filtered?page=40...
2021-03-27 12:37:31,641:root:INFO: Downloading page_https://www.metacritic.com/browse/games/score/metascore/all/all/filtered?page=41...
2021-03-27 12:37:48,686:root:INFO: Downloading page_https://www.metacritic.com/browse/games/score/metascore/all/all/filtered?page=42...
2021-03-27 12:38:01,856:root:INFO: Downloading page_https://www.metacritic.com/browse/games/score/metascore/all/all/filtered?page=43...
2021-03-27 12:38:15,081:root:INFO: Downloading page_https://www.metacritic.com/browse/games/score/metascore/all/all/filtered?page=44...
2021-03-27 12:38:28,179:root:INFO: Downloading page_https://www.metacritic.com/browse/games/score/metascore/all/all/filtered?page=45...
2021-03-27 12:38:40,567:root:INFO: Downloading page_https://www.metacritic.com/browse/games/score/metascore/all/all/filtered?page=46...
2021-03-27 12:38:52,502:root:INFO: Downloading page_https://www.metacritic.com/browse/games/score/metascore/all/all/filtered?page=47...
2021-03-27 12:39:06,134:root:INFO: Downloading page_https://www.metacritic.com/browse/games/score/metascore/all/all/filtered?page=48...
2021-03-27 12:39:16,366:root:INFO: Downloading page_https://www.metacritic.com/browse/games/score/metascore/all/all/filtered?page=49...
2021-03-27 12:39:29,142:root:INFO: Downloading page_https://www.metacritic.com/browse/games/score/metascore/all/all/filtered?page=50...
2021-03-27 12:39:42,057:root:INFO: Downloading page_https://www.metacritic.com/browse/games/score/metascore/all/all/filtered?page=51...
2021-03-27 12:39:56,446:root:INFO: Downloading page_https://www.metacritic.com/browse/games/score/metascore/all/all/filtered?page=52...
2021-03-27 12:40:10,583:root:INFO: Downloading page_https://www.metacritic.com/browse/games/score/metascore/all/all/filtered?page=53...
2021-03-27 12:40:23,211:root:INFO: Downloading page_https://www.metacritic.com/browse/games/score/metascore/all/all/filtered?page=54...
2021-03-27 12:40:35,496:root:INFO: Downloading page_https://www.metacritic.com/browse/games/score/metascore/all/all/filtered?page=55...
2021-03-27 12:40:47,594:root:INFO: Downloading page_https://www.metacritic.com/browse/games/score/metascore/all/all/filtered?page=56...
2021-03-27 12:41:01,316:root:INFO: Downloading page_https://www.metacritic.com/browse/games/score/metascore/all/all/filtered?page=57...
2021-03-27 12:41:14,070:root:INFO: Downloading page_https://www.metacritic.com/browse/games/score/metascore/all/all/filtered?page=58...
2021-03-27 12:41:26,095:root:INFO: Downloading page_https://www.metacritic.com/browse/games/score/metascore/all/all/filtered?page=59...
2021-03-27 12:41:30,659:root:INFO: Downloading page_https://www.metacritic.com/browse/games/score/metascore/all/all/filtered?page=60...
2021-03-27 12:41:43,058:root:INFO: Downloading page_https://www.metacritic.com/browse/games/score/metascore/all/all/filtered?page=61...
2021-03-27 12:41:55,245:root:INFO: Downloading page_https://www.metacritic.com/browse/games/score/metascore/all/all/filtered?page=62...
2021-03-27 12:41:56,041:root:INFO: Downloading page_https://www.metacritic.com/browse/games/score/metascore/all/all/filtered?page=63...
2021-03-27 12:42:09,258:root:INFO: Downloading page_https://www.metacritic.com/browse/games/score/metascore/all/all/filtered?page=64...
2021-03-27 12:42:22,141:root:INFO: Downloading page_https://www.metacritic.com/browse/games/score/metascore/all/all/filtered?page=65...
2021-03-27 12:42:28,627:root:INFO: Downloading page_https://www.metacritic.com/browse/games/score/metascore/all/all/filtered?page=66...
2021-03-27 12:42:42,591:root:INFO: Downloading page_https://www.metacritic.com/browse/games/score/metascore/all/all/filtered?page=67...
2021-03-27 12:42:55,115:root:INFO: Downloading page_https://www.metacritic.com/browse/games/score/metascore/all/all/filtered?page=68...
2021-03-27 12:42:59,729:root:INFO: Downloading page_https://www.metacritic.com/browse/games/score/metascore/all/all/filtered?page=69...
2021-03-27 12:43:12,370:root:INFO: Downloading page_https://www.metacritic.com/browse/games/score/metascore/all/all/filtered?page=70...
2021-03-27 12:43:24,590:root:INFO: Downloading page_https://www.metacritic.com/browse/games/score/metascore/all/all/filtered?page=71...
2021-03-27 12:43:43,216:root:INFO: Downloading page_https://www.metacritic.com/browse/games/score/metascore/all/all/filtered?page=0...
2021-03-27 12:43:43,928:root:INFO: Downloading page_https://www.metacritic.com/browse/games/score/metascore/all/all/filtered?page=1...
2021-03-27 12:43:44,686:root:INFO: Downloading page_https://www.metacritic.com/browse/games/score/metascore/all/all/filtered?page=2...
2021-03-27 12:43:45,403:root:INFO: Data Frame successfully created with ['Rank', 'Title', 'Date', 'Platform', 'Link', 'User_Score']
2021-03-27 12:43:48,020:root:ERROR: It is not possible to scrape more than 182 pages
2021-03-27 12:44:49,468:root:INFO: Downloading page_https://www.metacritic.com/browse/games/score/metascore/all/all/filtered?page=0...
2021-03-27 12:44:50,361:root:INFO: Downloading page_https://www.metacritic.com/browse/games/score/metascore/all/all/filtered?page=1...
2021-03-27 12:44:51,079:root:INFO: Downloading page_https://www.metacritic.com/browse/games/score/metascore/all/all/filtered?page=2...
2021-03-27 12:44:51,801:root:INFO: Downloading page_https://www.metacritic.com/browse/games/score/metascore/all/all/filtered?page=3...
2021-03-27 12:44:52,531:root:INFO: Downloading page_https://www.metacritic.com/browse/games/score/metascore/all/all/filtered?page=4...
2021-03-27 12:44:53,276:root:INFO: Data Frame successfully created with ['Rank', 'Title', 'Date', 'Platform', 'Link', 'User_Score']
2021-03-27 12:44:58,845:root:ERROR: It is not possible to scrape more than 182 pages
2021-03-27 12:46:19,066:root:INFO: Downloading page_https://www.metacritic.com/browse/games/score/metascore/all/all/filtered?page=0...
2021-03-27 12:46:19,941:root:INFO: Downloading page_https://www.metacritic.com/browse/games/score/metascore/all/all/filtered?page=1...
2021-03-27 12:46:20,755:root:INFO: Downloading page_https://www.metacritic.com/browse/games/score/metascore/all/all/filtered?page=2...
2021-03-27 12:46:21,488:root:INFO: Downloading page_https://www.metacritic.com/browse/games/score/metascore/all/all/filtered?page=3...
2021-03-27 12:46:22,208:root:INFO: Downloading page_https://www.metacritic.com/browse/games/score/metascore/all/all/filtered?page=4...
2021-03-27 12:46:22,945:root:INFO: Data Frame successfully created with ['Rank', 'Title', 'Date', 'Platform', 'Link', 'User_Score']
2021-03-27 12:47:44,044:root:INFO: Downloading page_https://www.metacritic.com/browse/games/score/metascore/all/all/filtered?page=0...
2021-03-27 12:47:44,982:root:INFO: Downloading page_https://www.metacritic.com/browse/games/score/metascore/all/all/filtered?page=1...
2021-03-27 12:47:45,726:root:INFO: Downloading page_https://www.metacritic.com/browse/games/score/metascore/all/all/filtered?page=2...
2021-03-27 12:47:46,438:root:INFO: Downloading page_https://www.metacritic.com/browse/games/score/metascore/all/all/filtered?page=3...
2021-03-27 12:47:47,114:root:INFO: Downloading page_https://www.metacritic.com/browse/games/score/metascore/all/all/filtered?page=4...
2021-03-27 12:47:47,846:root:INFO: Data Frame successfully created with ['Rank', 'Title', 'Date', 'Platform', 'Link', 'User_Score']
2021-03-27 12:47:50,320:root:ERROR: It is not possible to scrape more than 182 pages
2021-03-27 12:48:56,092:root:INFO: Downloading page_https://www.metacritic.com/browse/games/score/metascore/all/all/filtered?page=0...
2021-03-27 12:48:56,999:root:INFO: Downloading page_https://www.metacritic.com/browse/games/score/metascore/all/all/filtered?page=1...
2021-03-27 12:48:57,744:root:INFO: Downloading page_https://www.metacritic.com/browse/games/score/metascore/all/all/filtered?page=2...
2021-03-27 12:48:58,517:root:INFO: Downloading page_https://www.metacritic.com/browse/games/score/metascore/all/all/filtered?page=3...
2021-03-27 12:48:59,240:root:INFO: Downloading page_https://www.metacritic.com/browse/games/score/metascore/all/all/filtered?page=4...
2021-03-27 12:48:59,987:root:INFO: Data Frame successfully created with ['Rank', 'Title', 'Date', 'Platform', 'Link', 'User_Score']
2021-03-27 12:49:02,398:root:ERROR: It is not possible to scrape more than 182 pages
2021-03-27 12:49:45,628:root:INFO: Downloading page_https://www.metacritic.com/browse/games/score/metascore/all/all/filtered?page=0...
2021-03-27 12:49:46,520:root:INFO: Downloading page_https://www.metacritic.com/browse/games/score/metascore/all/all/filtered?page=1...
2021-03-27 12:49:47,255:root:INFO: Downloading page_https://www.metacritic.com/browse/games/score/metascore/all/all/filtered?page=2...
2021-03-27 12:49:47,950:root:INFO: Downloading page_https://www.metacritic.com/browse/games/score/metascore/all/all/filtered?page=3...
2021-03-27 12:49:48,670:root:INFO: Downloading page_https://www.metacritic.com/browse/games/score/metascore/all/all/filtered?page=4...
2021-03-27 12:49:49,403:root:INFO: Data Frame successfully created with ['Rank', 'Title', 'Date', 'Platform', 'Link', 'User_Score']
2021-03-27 12:49:51,701:root:ERROR: It is not possible to scrape more than 182 pages
2021-03-27 12:52:10,034:root:INFO: Downloading page_https://www.metacritic.com/browse/games/score/metascore/all/all/filtered?page=0...
2021-03-27 12:52:10,929:root:INFO: Downloading page_https://www.metacritic.com/browse/games/score/metascore/all/all/filtered?page=1...
2021-03-27 12:52:11,724:root:INFO: Downloading page_https://www.metacritic.com/browse/games/score/metascore/all/all/filtered?page=2...
2021-03-27 12:52:12,485:root:INFO: Downloading page_https://www.metacritic.com/browse/games/score/metascore/all/all/filtered?page=3...
2021-03-27 12:52:13,242:root:INFO: Downloading page_https://www.metacritic.com/browse/games/score/metascore/all/all/filtered?page=4...
2021-03-27 12:52:13,988:root:INFO: Data Frame successfully created with ['Rank', 'Title', 'Date', 'Platform', 'Link', 'User_Score']
2021-03-27 12:55:38,119:root:INFO: Downloading page_https://www.metacritic.com/browse/games/score/metascore/all/all/filtered?page=0...
2021-03-27 12:55:38,982:root:INFO: Downloading page_https://www.metacritic.com/browse/games/score/metascore/all/all/filtered?page=1...
2021-03-27 12:55:39,743:root:INFO: Downloading page_https://www.metacritic.com/browse/games/score/metascore/all/all/filtered?page=2...
2021-03-27 12:55:40,458:root:INFO: Downloading page_https://www.metacritic.com/browse/games/score/metascore/all/all/filtered?page=3...
2021-03-27 12:55:41,161:root:INFO: Downloading page_https://www.metacritic.com/browse/games/score/metascore/all/all/filtered?page=4...
2021-03-27 12:55:41,903:root:INFO: Data Frame successfully created with ['Rank', 'Title', 'Date', 'Platform', 'Link', 'User_Score']
2021-03-27 15:03:22,810:root:INFO: Downloading page_https://www.metacritic.com/browse/games/score/metascore/all/all/filtered?page=0...
2021-03-27 15:03:23,769:root:INFO: Downloading page_https://www.metacritic.com/browse/games/score/metascore/all/all/filtered?page=1...
2021-03-27 15:03:24,530:root:INFO: Downloading page_https://www.metacritic.com/browse/games/score/metascore/all/all/filtered?page=2...
2021-03-27 15:03:25,235:root:INFO: Downloading page_https://www.metacritic.com/browse/games/score/metascore/all/all/filtered?page=3...
2021-03-27 15:03:25,947:root:INFO: Downloading page_https://www.metacritic.com/browse/games/score/metascore/all/all/filtered?page=4...
2021-03-27 15:03:26,730:root:INFO: Data Frame successfully created with ['Rank', 'Title', 'Date', 'Platform', 'Link', 'User_Score']
2021-03-27 15:06:12,788:root:INFO: Downloading page_https://www.metacritic.com/browse/games/score/metascore/all/all/filtered?page=0...
2021-03-27 15:06:13,683:root:INFO: Downloading page_https://www.metacritic.com/browse/games/score/metascore/all/all/filtered?page=1...
2021-03-27 15:06:14,408:root:INFO: Downloading page_https://www.metacritic.com/browse/games/score/metascore/all/all/filtered?page=2...
2021-03-27 15:06:15,153:root:INFO: Downloading page_https://www.metacritic.com/browse/games/score/metascore/all/all/filtered?page=3...
2021-03-27 15:06:15,874:root:INFO: Downloading page_https://www.metacritic.com/browse/games/score/metascore/all/all/filtered?page=4...
2021-03-27 15:06:16,603:root:INFO: Data Frame successfully created with ['Rank', 'Title', 'Date', 'Platform', 'Link', 'User_Score']
2021-03-28 12:18:13,967:root:INFO: Downloading page_https://www.metacritic.com/browse/games/score/metascore/all/all/filtered?page=0...
2021-03-28 12:18:15,356:root:INFO: Downloading page_https://www.metacritic.com/browse/games/score/metascore/all/all/filtered?page=1...
2021-03-28 12:18:16,308:root:INFO: Downloading page_https://www.metacritic.com/browse/games/score/metascore/all/all/filtered?page=2...
2021-03-28 12:18:17,201:root:INFO: Downloading page_https://www.metacritic.com/browse/games/score/metascore/all/all/filtered?page=3...
2021-03-28 12:18:18,137:root:INFO: Downloading page_https://www.metacritic.com/browse/games/score/metascore/all/all/filtered?page=4...
2021-03-28 12:18:19,161:root:INFO: Data Frame successfully created with ['Rank', 'Title', 'Date', 'Platform', 'Link', 'User_Score']
2021-03-28 12:19:52,404:root:INFO: Downloading page_https://www.metacritic.com/browse/games/score/metascore/all/all/filtered?page=0...
2021-03-28 12:19:53,447:root:INFO: Data Frame successfully created with ['Rank', 'Title', 'Date', 'Platform', 'Link', 'User_Score']
2021-03-28 12:29:33,024:root:INFO: Downloading page_https://www.metacritic.com/browse/games/score/metascore/all/all/filtered?page=0...
2021-03-28 12:29:34,112:root:INFO: Data Frame successfully created with ['Rank', 'Title', 'Date', 'Platform', 'Link', 'User_Score']
2021-03-28 12:30:34,259:root:ERROR: It is not possible to scrape more than 182 pages
2021-03-28 12:30:37,667:root:INFO: Downloading page_https://www.metacritic.com/browse/games/score/metascore/all/all/filtered?page=0...
2021-03-28 12:30:38,479:root:INFO: Data Frame successfully created with ['Rank', 'Title', 'Date', 'Platform', 'Link', 'User_Score']
2021-03-28 12:31:35,534:root:INFO: Downloading page_https://www.metacritic.com/browse/games/score/metascore/all/all/filtered?page=0...
2021-03-28 12:31:36,302:root:INFO: Data Frame successfully created with ['Rank', 'Title', 'Date', 'Platform', 'Link', 'User_Score']
2021-03-28 12:45:36,744:root:INFO: Downloading page_https://www.metacritic.com/browse/games/score/metascore/all/all/filtered?page=0...
2021-03-28 12:45:37,648:root:INFO: Data Frame successfully created with ['Rank', 'Title', 'Date', 'Platform', 'Link', 'User_Score']
2021-03-28 12:49:31,270:root:INFO: Downloading page_https://www.metacritic.com/browse/games/score/metascore/all/all/filtered?page=0...
2021-03-28 12:49:32,133:root:INFO: Data Frame successfully created with ['Rank', 'Title', 'Date', 'Platform', 'Link', 'User_Score']
2021-03-28 12:50:01,420:root:INFO: Downloading page_https://www.metacritic.com/browse/games/score/metascore/all/all/filtered?page=0...
2021-03-28 12:50:02,182:root:INFO: Data Frame successfully created with ['Rank', 'Title', 'Date', 'Platform', 'Link', 'User_Score']
2021-03-28 12:56:46,834:root:INFO: Downloading page_https://www.metacritic.com/browse/games/score/metascore/all/all/filtered?page=0...
2021-03-28 12:56:47,670:root:INFO: Data Frame successfully created with ['Rank', 'Title', 'Date', 'Platform', 'Link', 'User_Score']
2021-03-28 12:57:01,336:root:INFO: Downloading page_https://www.metacritic.com/browse/games/score/metascore/all/all/filtered?page=0...
2021-03-28 12:57:02,681:root:INFO: Data Frame successfully created with ['Rank', 'Title', 'Date', 'Platform', 'Link', 'User_Score']
2021-03-28 12:57:18,236:root:INFO: Downloading page_https://www.metacritic.com/browse/games/score/metascore/all/all/filtered?page=0...
2021-03-28 12:57:19,036:root:INFO: Data Frame successfully created with ['Rank', 'Title', 'Date', 'Platform', 'Link', 'User_Score']
2021-03-28 12:57:19,042:googleapiclient.discovery_cache:INFO:file_cache is only supported with oauth2client<4.0.0
2021-03-28 12:57:36,250:googleapiclient.http:WARNING:Encountered 403 Forbidden with reason "quotaExceeded"
2021-03-28 12:57:36,251:root:ERROR: It is not possible to scrape more than 182 pages
2021-03-28 12:59:34,624:root:INFO: Downloading page_https://www.metacritic.com/browse/games/score/metascore/all/all/filtered?page=0...
2021-03-28 12:59:35,457:root:INFO: Data Frame successfully created with ['Rank', 'Title', 'Date', 'Platform', 'Link', 'User_Score']
2021-03-28 12:59:35,461:googleapiclient.discovery_cache:INFO:file_cache is only supported with oauth2client<4.0.0
2021-03-28 12:59:36,147:googleapiclient.http:WARNING:Encountered 403 Forbidden with reason "quotaExceeded"
2021-03-28 12:59:36,147:root:ERROR: It is not possible to scrape more than 182 pages
2021-03-28 12:59:52,070:root:INFO: Downloading page_https://www.metacritic.com/browse/games/score/metascore/all/all/filtered?page=0...
2021-03-28 12:59:52,818:root:INFO: Data Frame successfully created with ['Rank', 'Title', 'Date', 'Platform', 'Link', 'User_Score']
2021-03-28 13:00:13,019:root:INFO: Downloading page_https://www.metacritic.com/browse/games/score/metascore/all/all/filtered?page=0...
2021-03-28 13:00:13,929:root:INFO: Data Frame successfully created with ['Rank', 'Title', 'Date', 'Platform', 'Link', 'User_Score']
2021-03-28 13:26:18,935:root:INFO: Downloading page_https://www.metacritic.com/browse/games/score/metascore/all/all/filtered?page=0...
2021-03-28 13:26:20,286:root:INFO: Data Frame successfully created with ['Rank', 'Title', 'Date', 'Platform', 'Link', 'User_Score']
2021-03-30 10:43:46,043:root:INFO: Downloading page_https://www.metacritic.com/browse/games/score/metascore/all/all/filtered?page=0...
2021-03-30 10:43:47,521:root:INFO: Downloading page_https://www.metacritic.com/browse/games/score/metascore/all/all/filtered?page=1...
2021-03-30 10:43:48,387:root:INFO: Downloading page_https://www.metacritic.com/browse/games/score/metascore/all/all/filtered?page=2...
2021-03-30 10:43:49,220:root:INFO: Downloading page_https://www.metacritic.com/browse/games/score/metascore/all/all/filtered?page=3...
2021-03-30 10:43:50,059:root:INFO: Downloading page_https://www.metacritic.com/browse/games/score/metascore/all/all/filtered?page=4...
2021-03-30 10:43:55,425:root:INFO: Downloading page_https://www.metacritic.com/browse/games/score/metascore/all/all/filtered?page=5...
2021-03-30 10:44:01,065:root:INFO: Downloading page_https://www.metacritic.com/browse/games/score/metascore/all/all/filtered?page=6...
2021-03-30 10:44:14,618:root:INFO: Downloading page_https://www.metacritic.com/browse/games/score/metascore/all/all/filtered?page=7...
2021-03-30 10:44:19,597:root:INFO: Downloading page_https://www.metacritic.com/browse/games/score/metascore/all/all/filtered?page=8...
2021-03-30 10:44:33,465:root:INFO: Downloading page_https://www.metacritic.com/browse/games/score/metascore/all/all/filtered?page=9...
2021-03-30 10:44:38,952:root:INFO: Data Frame successfully created with ['Rank', 'Title', 'Date']
2021-03-30 10:58:45,483:root:INFO: Downloading page_https://www.metacritic.com/browse/games/score/metascore/all/all/filtered?page=0...
2021-03-30 10:58:46,391:root:INFO: Downloading page_https://www.metacritic.com/browse/games/score/metascore/all/all/filtered?page=1...
2021-03-30 10:58:47,236:root:INFO: Downloading page_https://www.metacritic.com/browse/games/score/metascore/all/all/filtered?page=2...
2021-03-30 10:58:47,996:root:INFO: Downloading page_https://www.metacritic.com/browse/games/score/metascore/all/all/filtered?page=3...
2021-03-30 10:58:48,858:root:INFO: Downloading page_https://www.metacritic.com/browse/games/score/metascore/all/all/filtered?page=4...
2021-03-30 10:58:49,645:root:INFO: Downloading page_https://www.metacritic.com/browse/games/score/metascore/all/all/filtered?page=5...
2021-03-30 10:58:50,418:root:INFO: Downloading page_https://www.metacritic.com/browse/games/score/metascore/all/all/filtered?page=6...
2021-03-30 10:58:51,299:root:INFO: Downloading page_https://www.metacritic.com/browse/games/score/metascore/all/all/filtered?page=7...
2021-03-30 10:58:52,096:root:INFO: Downloading page_https://www.metacritic.com/browse/games/score/metascore/all/all/filtered?page=8...
2021-03-30 10:58:52,942:root:INFO: Downloading page_https://www.metacritic.com/browse/games/score/metascore/all/all/filtered?page=9...
2021-03-30 10:58:53,740:root:INFO: Data Frame successfully created with ['Rank', 'Title']
2021-03-30 10:59:00,365:root:ERROR: It is not possible to scrape more than 182 pages
